<?xml version="1.0" encoding="UTF-8" ?>
<testsuite failures="0" time="0.156" errors="0" skipped="0" tests="4" name="foo.AppTest">
  <properties>
    <property name="java.runtime.name" value="Java(TM) SE Runtime Environment"/>
    <property name="sun.boot.library.path" value="C:\Arquivos de programas\Java\jre7\bin"/>
    <property name="java.vm.version" value="24.55-b03"/>
    <property name="java.vm.vendor" value="Oracle Corporation"/>
    <property name="java.vendor.url" value="http://java.oracle.com/"/>
    <property name="path.separator" value=";"/>
    <property name="guice.disable.misplaced.annotation.check" value="true"/>
    <property name="java.vm.name" value="Java HotSpot(TM) Client VM"/>
    <property name="file.encoding.pkg" value="sun.io"/>
    <property name="user.script" value=""/>
    <property name="user.country" value="BR"/>
    <property name="sun.java.launcher" value="SUN_STANDARD"/>
    <property name="sun.os.patch.level" value="Service Pack 3"/>
    <property name="java.vm.specification.name" value="Java Virtual Machine Specification"/>
    <property name="user.dir" value="C:\Documents and Settings\Aluno\workspace-ee\projeto"/>
    <property name="java.runtime.version" value="1.7.0_55-b14"/>
    <property name="java.awt.graphicsenv" value="sun.awt.Win32GraphicsEnvironment"/>
    <property name="java.endorsed.dirs" value="C:\Arquivos de programas\Java\jre7\lib\endorsed"/>
    <property name="os.arch" value="x86"/>
    <property name="java.io.tmpdir" value="C:\DOCUME~1\Aluno\CONFIG~1\Temp\"/>
    <property name="line.separator" value="
"/>
    <property name="java.vm.specification.vendor" value="Oracle Corporation"/>
    <property name="user.variant" value=""/>
    <property name="os.name" value="Windows XP"/>
    <property name="classworlds.conf" value="C:\Documents and Settings\Aluno\workspace-ee\.metadata\.plugins\org.eclipse.m2e.launching\launches\m2conf3522121634131426160.tmp"/>
    <property name="sun.jnu.encoding" value="Cp1252"/>
    <property name="java.library.path" value="C:\Arquivos de programas\Java\jre7\bin;C:\WINDOWS\Sun\Java\bin;C:\WINDOWS\system32;C:\WINDOWS;C:/Arquivos de programas/Java/jre7/bin/client;C:/Arquivos de programas/Java/jre7/bin;C:/Arquivos de programas/Java/jre7/lib/i386;C:\Arquivos de programas\Rockwell Software\RSCommon;C:\WINDOWS\system32;C:\WINDOWS;C:\WINDOWS\System32\Wbem;C:\Arquivos de programas\ATI Technologies\ATI Control Panel;C:\Arquivos de programas\Altiris\Software Virtualization Agent\;C:\Arquivos de programas\Instant Reality\bin\;C:\Arquivos de programas\Git\cmd;C:\Arquivos de programas\TortoiseSVN\bin;c:\Arquivos de programas\Microsoft SQL Server\100\Tools\Binn\;c:\Arquivos de programas\Microsoft SQL Server\100\DTS\Binn\;C:\WINDOWS\system32\WindowsPowerShell\v1.0;c:\Arquivos de programas\Microsoft SQL Server\100\Tools\Binn\VSShell\Common7\IDE\;c:\Arquivos de programas\Microsoft Visual Studio 9.0\Common7\IDE\PrivateAssemblies\;C:\Arquivos de programas\Java\jdk1.7.0_17\bin;C:\Arquivos de programas\Support Tools\;C:\Arquivos de programas\eclipse-ee;;."/>
    <property name="java.specification.name" value="Java Platform API Specification"/>
    <property name="java.class.version" value="51.0"/>
    <property name="sun.management.compiler" value="HotSpot Client Compiler"/>
    <property name="os.version" value="5.1"/>
    <property name="user.home" value="C:\Documents and Settings\Aluno"/>
    <property name="user.timezone" value="America/Rio_Branco"/>
    <property name="java.awt.printerjob" value="sun.awt.windows.WPrinterJob"/>
    <property name="java.specification.version" value="1.7"/>
    <property name="file.encoding" value="Cp1252"/>
    <property name="user.name" value="Aluno"/>
    <property name="java.class.path" value="/C:/Documents and Settings/Aluno/.eclipse/org.eclipse.platform_4.2.0_813924950/configuration/org.eclipse.osgi/bundles/814/1/.cp/jars/plexus-classworlds-2.4.jar"/>
    <property name="java.vm.specification.version" value="1.7"/>
    <property name="sun.arch.data.model" value="32"/>
    <property name="java.home" value="C:\Arquivos de programas\Java\jre7"/>
    <property name="sun.java.command" value="org.codehaus.plexus.classworlds.launcher.Launcher -B test"/>
    <property name="java.specification.vendor" value="Oracle Corporation"/>
    <property name="user.language" value="pt"/>
    <property name="awt.toolkit" value="sun.awt.windows.WToolkit"/>
    <property name="java.vm.info" value="mixed mode, sharing"/>
    <property name="java.version" value="1.7.0_55"/>
    <property name="java.ext.dirs" value="C:\Arquivos de programas\Java\jre7\lib\ext;C:\WINDOWS\Sun\Java\lib\ext"/>
    <property name="sun.boot.class.path" value="C:\Arquivos de programas\Java\jre7\lib\resources.jar;C:\Arquivos de programas\Java\jre7\lib\rt.jar;C:\Arquivos de programas\Java\jre7\lib\sunrsasign.jar;C:\Arquivos de programas\Java\jre7\lib\jsse.jar;C:\Arquivos de programas\Java\jre7\lib\jce.jar;C:\Arquivos de programas\Java\jre7\lib\charsets.jar;C:\Arquivos de programas\Java\jre7\lib\jfr.jar;C:\Arquivos de programas\Java\jre7\classes"/>
    <property name="java.vendor" value="Oracle Corporation"/>
    <property name="maven.home" value="C:\Documents and Settings\Aluno\workspace-ee\projeto\EMBEDDED"/>
    <property name="file.separator" value="\"/>
    <property name="java.vendor.url.bug" value="http://bugreport.sun.com/bugreport/"/>
    <property name="maven.bootclasspath" value="/C:/Documents and Settings/Aluno/.eclipse/org.eclipse.platform_4.2.0_813924950/configuration/org.eclipse.osgi/bundles/814/1/.cp/jars/plexus-classworlds-2.4.jar"/>
    <property name="sun.cpu.endian" value="little"/>
    <property name="sun.io.unicode.encoding" value="UnicodeLittle"/>
    <property name="sun.desktop" value="windows"/>
    <property name="sun.cpu.isalist" value=""/>
  </properties>
  <testcase time="0" classname="foo.AppTest" name="testApp"/>
  <testcase time="0" classname="foo.AppTest" name="TestNome"/>
  <testcase time="0" classname="foo.AppTest" name="TestPontuacao"/>
  <testcase time="0" classname="foo.AppTest" name="TestIdade"/>
</testsuite>